<?xml version="1.0" encoding="UTF-8"?>
<!-- Generated by org.testng.reporters.JUnitReportReporter -->
<testsuite skipped="0" hostname="BDC7-L-4HKNLC2" name="com.seleniumtraining.Lecture3_TestNGAnnotations" tests="2" failures="0" timestamp="22 May 2017 04:05:49 GMT" time="0.016" errors="0">
  <testcase name="printStuff" time="0.005" classname="com.seleniumtraining.Lecture3_TestNGAnnotations"/>
  <testcase name="printStuff" time="0.011" classname="com.seleniumtraining.Lecture3_TestNGAnnotations"/>
</testsuite> <!-- com.seleniumtraining.Lecture3_TestNGAnnotations -->
